<?xml version="1.0" encoding="UTF-8"?>
<!-- Generated by org.testng.reporters.JUnitReportReporter -->
<testsuite hostname="DESKTOP-RSU00G1" failures="0" tests="1" name="TestingMaven.DemoProject.AppTest" time="0.008" errors="0" timestamp="06 Oct 2022 17:04:08 GMT" skipped="0">
  <testcase classname="TestingMaven.DemoProject.AppTest" name="shouldAnswerWithTrue" time="0.008"/>
</testsuite> <!-- TestingMaven.DemoProject.AppTest -->
