<?xml version="1.0" encoding="UTF-8"?>
<!-- Generated by org.testng.reporters.JUnitReportReporter -->
<testsuite hostname="DESKTOP-RSU00G1" failures="0" tests="1" name="com.testLayer.LoginPageTest" time="33.363" errors="0" timestamp="2022-10-30T14:53:28 IST" skipped="0">
  <testcase classname="com.testLayer.LoginPageTest" name="verifyLoginTest" time="33.363"/>
  <system-out/>
</testsuite> <!-- com.testLayer.LoginPageTest -->
