<?xml version="1.0" encoding="UTF-8"?>
<!-- Generated by org.testng.reporters.JUnitReportReporter -->
<testsuite hostname="DESKTOP-RSU00G1" failures="0" tests="1" name="com.testBase.TestBase" time="10.053" errors="0" timestamp="2022-10-21T16:26:27 IST" skipped="0">
  <testcase classname="com.testBase.TestBase" name="setup" time="10.053"/>
  <system-out/>
</testsuite> <!-- com.testBase.TestBase -->
