<?xml version="1.0" encoding="UTF-8"?>
<!-- Generated by org.testng.reporters.JUnitReportReporter -->
<testsuite hostname="DESKTOP-RSU00G1" failures="0" tests="4" name="acttitime.TestunbClass" time="27.511" errors="0" timestamp="2022-10-13T00:09:50 IST" skipped="0">
  <testcase classname="acttitime.TestunbClass" name="Test1" time="11.103"/>
  <system-out/>
  <testcase classname="acttitime.TestunbClass" name="Test2" time="1.164"/>
  <system-out/>
  <testcase classname="acttitime.TestunbClass" name="selectnewtask" time="6.638"/>
  <system-out/>
  <testcase classname="acttitime.TestunbClass" name="selectNewCoustmer" time="8.606"/>
  <system-out/>
</testsuite> <!-- acttitime.TestunbClass -->
