<?xml version="1.0" encoding="UTF-8"?>
<!-- Generated by org.testng.reporters.JUnitReportReporter -->
<testsuite hostname="DESKTOP-RSU00G1" failures="0" tests="1" name="unb_1.maven_ub" time="0.019" errors="0" timestamp="2022-10-30T17:55:12 IST" skipped="0">
  <testcase classname="unb_1.maven_ub" name="mavenTest" time="0.019"/>
  <system-out/>
</testsuite> <!-- unb_1.maven_ub -->
