<?xml version="1.0" encoding="UTF-8"?>
<!-- Generated by org.testng.reporters.JUnitReportReporter -->
<testsuite hostname="DESKTOP-RSU00G1" failures="0" tests="1" name="annotation.Testngannotation" time="0.023" errors="0" timestamp="06 Oct 2022 17:04:07 GMT" skipped="0">
  <testcase classname="annotation.Testngannotation" name="test1" time="0.023"/>
</testsuite> <!-- annotation.Testngannotation -->
