<?xml version="1.0" encoding="UTF-8"?>
<!-- Generated by org.testng.reporters.JUnitReportReporter -->
<testsuite hostname="DESKTOP-RSU00G1" failures="0" tests="1" name="Gropidemo.Testcasegropping" time="0.016" errors="0" timestamp="2022-10-10T18:21:51 IST" skipped="0">
  <testcase classname="Gropidemo.Testcasegropping" name="Test1" time="0.016"/>
  <system-out/>
</testsuite> <!-- Gropidemo.Testcasegropping -->
